1714042514.651589 client started (41557): version 3.2a, socket /tmp/tmux-1000/default, protocol 8
1714042514.651604 on Linux 5.15.146.1-microsoft-standard-WSL2 #1 SMP Thu Jan 11 04:09:03 UTC 2024
1714042514.651607 using libevent 2.1.12-stable (poll); ncurses 6.3
1714042514.651615 flags are 0x10010000
1714042514.651617 socket is /tmp/tmux-1000/default
1714042514.651624 trying connect
1714042514.651676 add peer 0x55fe2d381a20: 6 ((nil))
1714042514.651816 sending message 100 to peer 0x55fe2d381a20 (4 bytes)
1714042514.651820 sending message 111 to peer 0x55fe2d381a20 (8 bytes)
1714042514.651822 sending message 101 to peer 0x55fe2d381a20 (16 bytes)
1714042514.651824 sending message 109 to peer 0x55fe2d381a20 (4 bytes)
1714042514.651826 sending message 102 to peer 0x55fe2d381a20 (12 bytes)
1714042514.651828 sending message 108 to peer 0x55fe2d381a20 (25 bytes)
1714042514.651830 sending message 112 to peer 0x55fe2d381a20 (70 bytes)
1714042514.651832 sending message 112 to peer 0x55fe2d381a20 (5 bytes)
1714042514.651834 sending message 112 to peer 0x55fe2d381a20 (5 bytes)
1714042514.651836 sending message 112 to peer 0x55fe2d381a20 (6 bytes)
1714042514.651838 sending message 112 to peer 0x55fe2d381a20 (6 bytes)
1714042514.651840 sending message 112 to peer 0x55fe2d381a20 (11 bytes)
1714042514.651841 sending message 112 to peer 0x55fe2d381a20 (10 bytes)
1714042514.651843 sending message 112 to peer 0x55fe2d381a20 (13 bytes)
1714042514.651845 sending message 112 to peer 0x55fe2d381a20 (13 bytes)
1714042514.651847 sending message 112 to peer 0x55fe2d381a20 (18 bytes)
1714042514.651849 sending message 112 to peer 0x55fe2d381a20 (11 bytes)
1714042514.651851 sending message 112 to peer 0x55fe2d381a20 (21 bytes)
1714042514.651853 sending message 112 to peer 0x55fe2d381a20 (13 bytes)
1714042514.651855 sending message 112 to peer 0x55fe2d381a20 (7 bytes)
1714042514.651857 sending message 112 to peer 0x55fe2d381a20 (13 bytes)
1714042514.651859 sending message 112 to peer 0x55fe2d381a20 (7 bytes)
1714042514.651860 sending message 112 to peer 0x55fe2d381a20 (13 bytes)
1714042514.651862 sending message 112 to peer 0x55fe2d381a20 (9 bytes)
1714042514.651864 sending message 112 to peer 0x55fe2d381a20 (21 bytes)
1714042514.651866 sending message 112 to peer 0x55fe2d381a20 (13 bytes)
1714042514.651868 sending message 112 to peer 0x55fe2d381a20 (8 bytes)
1714042514.651870 sending message 112 to peer 0x55fe2d381a20 (12 bytes)
1714042514.651871 sending message 112 to peer 0x55fe2d381a20 (13 bytes)
1714042514.651873 sending message 112 to peer 0x55fe2d381a20 (9 bytes)
1714042514.651875 sending message 112 to peer 0x55fe2d381a20 (9 bytes)
1714042514.651877 sending message 112 to peer 0x55fe2d381a20 (12 bytes)
1714042514.651879 sending message 112 to peer 0x55fe2d381a20 (8 bytes)
1714042514.651881 sending message 112 to peer 0x55fe2d381a20 (7 bytes)
1714042514.651884 sending message 112 to peer 0x55fe2d381a20 (7 bytes)
1714042514.651886 sending message 112 to peer 0x55fe2d381a20 (9 bytes)
1714042514.651889 sending message 112 to peer 0x55fe2d381a20 (13 bytes)
1714042514.651891 sending message 112 to peer 0x55fe2d381a20 (9 bytes)
1714042514.651894 sending message 112 to peer 0x55fe2d381a20 (15 bytes)
1714042514.651896 sending message 112 to peer 0x55fe2d381a20 (13 bytes)
1714042514.651899 sending message 112 to peer 0x55fe2d381a20 (12 bytes)
1714042514.651902 sending message 112 to peer 0x55fe2d381a20 (8 bytes)
1714042514.651905 sending message 112 to peer 0x55fe2d381a20 (14 bytes)
1714042514.651907 sending message 112 to peer 0x55fe2d381a20 (9 bytes)
1714042514.651910 sending message 112 to peer 0x55fe2d381a20 (10 bytes)
1714042514.651913 sending message 112 to peer 0x55fe2d381a20 (10 bytes)
1714042514.651915 sending message 112 to peer 0x55fe2d381a20 (10 bytes)
1714042514.651918 sending message 112 to peer 0x55fe2d381a20 (10 bytes)
1714042514.651935 sending message 112 to peer 0x55fe2d381a20 (11 bytes)
1714042514.651939 sending message 112 to peer 0x55fe2d381a20 (10 bytes)
1714042514.651942 sending message 112 to peer 0x55fe2d381a20 (8 bytes)
1714042514.651945 sending message 112 to peer 0x55fe2d381a20 (11 bytes)
1714042514.651954 sending message 112 to peer 0x55fe2d381a20 (11 bytes)
1714042514.651957 sending message 112 to peer 0x55fe2d381a20 (11 bytes)
1714042514.651960 sending message 112 to peer 0x55fe2d381a20 (8 bytes)
1714042514.651963 sending message 112 to peer 0x55fe2d381a20 (8 bytes)
1714042514.651966 sending message 112 to peer 0x55fe2d381a20 (8 bytes)
1714042514.651969 sending message 112 to peer 0x55fe2d381a20 (10 bytes)
1714042514.651972 sending message 112 to peer 0x55fe2d381a20 (10 bytes)
1714042514.651974 sending message 112 to peer 0x55fe2d381a20 (10 bytes)
1714042514.651976 sending message 112 to peer 0x55fe2d381a20 (10 bytes)
1714042514.651977 sending message 112 to peer 0x55fe2d381a20 (10 bytes)
1714042514.651980 sending message 112 to peer 0x55fe2d381a20 (11 bytes)
1714042514.651983 sending message 112 to peer 0x55fe2d381a20 (11 bytes)
1714042514.651986 sending message 112 to peer 0x55fe2d381a20 (10 bytes)
1714042514.651988 sending message 112 to peer 0x55fe2d381a20 (9 bytes)
1714042514.651991 sending message 112 to peer 0x55fe2d381a20 (9 bytes)
1714042514.651994 sending message 112 to peer 0x55fe2d381a20 (12 bytes)
1714042514.651996 sending message 112 to peer 0x55fe2d381a20 (9 bytes)
1714042514.651999 sending message 112 to peer 0x55fe2d381a20 (6 bytes)
1714042514.652002 sending message 112 to peer 0x55fe2d381a20 (13 bytes)
1714042514.652004 sending message 112 to peer 0x55fe2d381a20 (8 bytes)
1714042514.652007 sending message 112 to peer 0x55fe2d381a20 (15 bytes)
1714042514.652010 sending message 112 to peer 0x55fe2d381a20 (13 bytes)
1714042514.652012 sending message 112 to peer 0x55fe2d381a20 (70 bytes)
1714042514.652014 sending message 112 to peer 0x55fe2d381a20 (69 bytes)
1714042514.652016 sending message 112 to peer 0x55fe2d381a20 (10 bytes)
1714042514.652017 sending message 112 to peer 0x55fe2d381a20 (8 bytes)
1714042514.652019 sending message 112 to peer 0x55fe2d381a20 (15 bytes)
1714042514.652021 sending message 112 to peer 0x55fe2d381a20 (13 bytes)
1714042514.652023 sending message 112 to peer 0x55fe2d381a20 (10 bytes)
1714042514.652025 sending message 112 to peer 0x55fe2d381a20 (10 bytes)
1714042514.652026 sending message 112 to peer 0x55fe2d381a20 (5 bytes)
1714042514.652028 sending message 112 to peer 0x55fe2d381a20 (15 bytes)
1714042514.652030 sending message 104 to peer 0x55fe2d381a20 (0 bytes)
1714042514.652032 sending message 110 to peer 0x55fe2d381a20 (0 bytes)
1714042514.652035 sending message 107 to peer 0x55fe2d381a20 (4 bytes)
1714042514.652037 sending message 105 to peer 0x55fe2d381a20 (27 bytes)
1714042514.652038 sending message 105 to peer 0x55fe2d381a20 (29 bytes)
1714042514.652040 sending message 105 to peer 0x55fe2d381a20 (54 bytes)
1714042514.652042 sending message 105 to peer 0x55fe2d381a20 (19 bytes)
1714042514.652044 sending message 105 to peer 0x55fe2d381a20 (11 bytes)
1714042514.652046 sending message 105 to peer 0x55fe2d381a20 (41 bytes)
1714042514.652048 sending message 105 to peer 0x55fe2d381a20 (17 bytes)
1714042514.652050 sending message 105 to peer 0x55fe2d381a20 (16 bytes)
1714042514.652051 sending message 105 to peer 0x55fe2d381a20 (13 bytes)
1714042514.652053 sending message 105 to peer 0x55fe2d381a20 (8 bytes)
1714042514.652055 sending message 105 to peer 0x55fe2d381a20 (14 bytes)
1714042514.652057 sending message 105 to peer 0x55fe2d381a20 (32 bytes)
1714042514.652059 sending message 105 to peer 0x55fe2d381a20 (1519 bytes)
1714042514.652069 sending message 105 to peer 0x55fe2d381a20 (16 bytes)
1714042514.652071 sending message 105 to peer 0x55fe2d381a20 (40 bytes)
1714042514.652073 sending message 105 to peer 0x55fe2d381a20 (12 bytes)
1714042514.652075 sending message 105 to peer 0x55fe2d381a20 (11 bytes)
1714042514.652077 sending message 105 to peer 0x55fe2d381a20 (687 bytes)
1714042514.652079 sending message 105 to peer 0x55fe2d381a20 (40 bytes)
1714042514.652081 sending message 105 to peer 0x55fe2d381a20 (29 bytes)
1714042514.652083 sending message 105 to peer 0x55fe2d381a20 (19 bytes)
1714042514.652084 sending message 105 to peer 0x55fe2d381a20 (8 bytes)
1714042514.652089 sending message 105 to peer 0x55fe2d381a20 (21 bytes)
1714042514.652091 sending message 105 to peer 0x55fe2d381a20 (18 bytes)
1714042514.652092 sending message 105 to peer 0x55fe2d381a20 (26 bytes)
1714042514.652094 sending message 105 to peer 0x55fe2d381a20 (36 bytes)
1714042514.652096 sending message 105 to peer 0x55fe2d381a20 (13 bytes)
1714042514.652098 sending message 105 to peer 0x55fe2d381a20 (11 bytes)
1714042514.652100 sending message 105 to peer 0x55fe2d381a20 (26 bytes)
1714042514.652102 sending message 105 to peer 0x55fe2d381a20 (24 bytes)
1714042514.652104 sending message 105 to peer 0x55fe2d381a20 (33 bytes)
1714042514.652106 sending message 105 to peer 0x55fe2d381a20 (29 bytes)
1714042514.652107 sending message 105 to peer 0x55fe2d381a20 (35 bytes)
1714042514.652109 sending message 105 to peer 0x55fe2d381a20 (53 bytes)
1714042514.652111 sending message 105 to peer 0x55fe2d381a20 (48 bytes)
1714042514.652113 sending message 105 to peer 0x55fe2d381a20 (32 bytes)
1714042514.652115 sending message 105 to peer 0x55fe2d381a20 (27 bytes)
1714042514.652117 sending message 105 to peer 0x55fe2d381a20 (16 bytes)
1714042514.652118 sending message 105 to peer 0x55fe2d381a20 (25 bytes)
1714042514.652120 sending message 105 to peer 0x55fe2d381a20 (21 bytes)
1714042514.652122 sending message 105 to peer 0x55fe2d381a20 (10 bytes)
1714042514.652124 sending message 106 to peer 0x55fe2d381a20 (0 bytes)
1714042514.652127 sending message 200 to peer 0x55fe2d381a20 (4 bytes)
1714042514.652129 client loop enter
1714042514.652586 peer 0x55fe2d381a20 message 303
1714042514.652591 open write file 2 -
1714042514.652597 sending message 305 to peer 0x55fe2d381a20 (8 bytes)
1714042514.652602 write check file 2
1714042514.652724 peer 0x55fe2d381a20 message 304
1714042514.652728 write 58 to file 2
1714042514.652734 peer 0x55fe2d381a20 message 203
1714042514.652737 file 2 58 bytes left
1714042514.652761 write check file 2
1714042514.652765 client loop exit
